<?xml version="1.0" encoding="UTF-8"?>
<!-- Generated by org.testng.reporters.JUnitReportReporter -->
<testsuite hostname="DESKTOP-PHOS8RQ" failures="0" tests="1" name="com.SauceDemo.TestClasses.TC01_LoginFunctionality" time="9.283" errors="0" timestamp="2022-05-30T18:35:57 IST" skipped="0">
  <testcase classname="com.SauceDemo.TestClasses.TC01_LoginFunctionality" name="loginFunctionalityTest" time="9.283"/>
  <system-out/>
</testsuite> <!-- com.SauceDemo.TestClasses.TC01_LoginFunctionality -->
