<?xml version="1.0" encoding="UTF-8"?>
<!-- Generated by org.testng.reporters.JUnitReportReporter -->
<testsuite hostname="DESKTOP-PHOS8RQ" failures="0" tests="1" name="com.SauceDemo.TestClasses.TC04_MultipleProduct" time="11.916" errors="0" timestamp="2022-05-30T18:35:57 IST" skipped="0">
  <testcase classname="com.SauceDemo.TestClasses.TC04_MultipleProduct" name="multipleProducts" time="11.916"/>
  <system-out/>
</testsuite> <!-- com.SauceDemo.TestClasses.TC04_MultipleProduct -->
