<?xml version="1.0" encoding="UTF-8"?>
<!-- Generated by org.testng.reporters.JUnitReportReporter -->
<testsuite hostname="DESKTOP-PHOS8RQ" failures="0" tests="1" name="com.SauceDemo.Practice.Practice1" time="0.000" errors="0" timestamp="2022-05-30T17:47:48 IST" skipped="0">
  <testcase classname="com.SauceDemo.Practice.Practice1" name="testClass" time="0.000"/>
  <system-out/>
</testsuite> <!-- com.SauceDemo.Practice.Practice1 -->
