<?xml version="1.0" encoding="UTF-8"?>
<!-- Generated by org.testng.reporters.JUnitReportReporter -->
<testsuite hostname="DESKTOP-PHOS8RQ" failures="0" tests="1" name="com.SauceDemo.TestClasses.TC08_ProceedCheckout" time="14.059" errors="0" timestamp="2022-05-30T18:35:57 IST" skipped="0">
  <testcase classname="com.SauceDemo.TestClasses.TC08_ProceedCheckout" name="proceedCheckout" time="14.059"/>
  <system-out/>
</testsuite> <!-- com.SauceDemo.TestClasses.TC08_ProceedCheckout -->
