<?xml version="1.0" encoding="UTF-8"?>
<!-- Generated by org.testng.reporters.JUnitReportReporter -->
<testsuite hostname="DESKTOP-PHOS8RQ" failures="0" tests="8" name="com.SauceDemo.Practice.KeywordPractice" time="5.013" errors="0" timestamp="2022-05-30T17:47:48 IST" skipped="1">
  <testcase classname="com.SauceDemo.Practice.KeywordPractice" name="testClassF" time="5.010"/>
  <system-out/>
  <testcase classname="com.SauceDemo.Practice.KeywordPractice" name="testClassB" time="0.001"/>
  <system-out/>
  <testcase classname="com.SauceDemo.Practice.KeywordPractice" name="testClassB" time="0.000"/>
  <system-out/>
  <testcase classname="com.SauceDemo.Practice.KeywordPractice" name="testClassB" time="0.001"/>
  <system-out/>
  <testcase classname="com.SauceDemo.Practice.KeywordPractice" name="testClassC" time="0.000"/>
  <system-out/>
  <testcase classname="com.SauceDemo.Practice.KeywordPractice" name="testClassE" time="0.000"/>
  <system-out/>
  <testcase classname="com.SauceDemo.Practice.KeywordPractice" name="testClassD" time="0.001"/>
  <system-out/>
  <testcase classname="com.SauceDemo.Practice.KeywordPractice" name="testClassA">
    <skipped/>
  </testcase> <!-- testClassA -->
  <system-out/>
</testsuite> <!-- com.SauceDemo.Practice.KeywordPractice -->
